Examenes/01-examen/Exam1_Qui_PaCi/app/build/intermediates/manifest_merge_blame_file/debug/manifest-merger-blame-debug-report.txt
1<?xml version="1.0" encoding="utf-8"?>
2<manifest xmlns:android="http://schemas.android.com/apk/res/android"
3    package="com.example.exam1_qui_paci"
4    android:versionCode="1"
5    android:versionName="1.0" >
6
7    <uses-sdk
8        android:minSdkVersion="23"
8-->src\main\AndroidManifest.xml
9        android:targetSdkVersion="30" />
9-->src\main\AndroidManifest.xml
10
11    <application
11-->src\main\AndroidManifest.xml:5:5-32:19
12        android:allowBackup="true"
12-->src\main\AndroidManifest.xml:6:9-35
13        android:appComponentFactory="androidx.core.app.CoreComponentFactory"
13-->[androidx.core:core:1.3.0] AndroidManifest.xml:24:18-86
14        android:debuggable="true"
15        android:extractNativeLibs="false"
16        android:icon="@mipmap/ic_launcher"
16-->src\main\AndroidManifest.xml:7:9-43
17        android:label="@string/app_name"
17-->src\main\AndroidManifest.xml:8:9-41
18        android:roundIcon="@mipmap/ic_launcher_round"
18-->src\main\AndroidManifest.xml:9:9-54
19        android:supportsRtl="true"
19-->src\main\AndroidManifest.xml:10:9-35
20        android:testOnly="true"
21        android:theme="@style/AppTheme" >
21-->src\main\AndroidManifest.xml:11:9-40
22        <activity
22-->src\main\AndroidManifest.xml:12:9-14:53
23            android:name="com.example.exam1_qui_paci.VistaCiudades"
23-->src\main\AndroidManifest.xml:12:19-48
24            android:label="LIS-CIUDADES"
24-->src\main\AndroidManifest.xml:14:13-41
25            android:parentActivityName="com.example.exam1_qui_paci.Ciudad" />
25-->src\main\AndroidManifest.xml:13:13-49
26        <activity
26-->src\main\AndroidManifest.xml:15:9-17:42
27            android:name="com.example.exam1_qui_paci.VistaPaises"
27-->src\main\AndroidManifest.xml:15:19-46
28            android:label="LIST-PAISES"
28-->src\main\AndroidManifest.xml:17:13-40
29            android:parentActivityName="com.example.exam1_qui_paci.Pais" />
29-->src\main\AndroidManifest.xml:16:13-47
30        <activity
30-->src\main\AndroidManifest.xml:18:9-20:46
31            android:name="com.example.exam1_qui_paci.Ciudad"
31-->src\main\AndroidManifest.xml:18:19-41
32            android:label="ADD/EDIT-CIUDAD"
32-->src\main\AndroidManifest.xml:20:13-44
33            android:parentActivityName="com.example.exam1_qui_paci.MainActivity" />
33-->src\main\AndroidManifest.xml:19:13-55
34        <activity
34-->src\main\AndroidManifest.xml:21:9-23:57
35            android:name="com.example.exam1_qui_paci.Pais"
35-->src\main\AndroidManifest.xml:21:19-39
36            android:label="ADD/EDIT-PAIS"
36-->src\main\AndroidManifest.xml:22:13-42
37            android:parentActivityName="com.example.exam1_qui_paci.MainActivity" />
37-->src\main\AndroidManifest.xml:23:13-55
38        <activity
38-->src\main\AndroidManifest.xml:24:9-31:20
39            android:name="com.example.exam1_qui_paci.MainActivity"
39-->src\main\AndroidManifest.xml:24:19-47
40            android:label="PAISES-CIUDADES" >
40-->src\main\AndroidManifest.xml:25:13-44
41            <intent-filter>
41-->src\main\AndroidManifest.xml:26:13-30:29
42                <action android:name="android.intent.action.MAIN" />
42-->src\main\AndroidManifest.xml:27:17-69
42-->src\main\AndroidManifest.xml:27:25-66
43
44                <category android:name="android.intent.category.LAUNCHER" />
44-->src\main\AndroidManifest.xml:29:17-77
44-->src\main\AndroidManifest.xml:29:27-74
45            </intent-filter>
46        </activity>
47    </application>
48
49</manifest>